This is pdfTeX, Version 3.14159265-2.6-1.40.16 (MiKTeX 2.9 64-bit) (preloaded format=pdflatex 2016.2.22)  23 FEB 2017 16:41
entering extended mode
**./thesis.tex
(thesis.tex
LaTeX2e <2016/02/01>
Babel <3.9n> and hyphenation patterns for 69 languages loaded.
(on.cls
Document Class: on 2011/02/08\ v2.2\ ON Dissertations and Thesis
("C:\Program Files\MiKTeX 2.9\tex\latex\base\book.cls"
Document Class: book 2014/09/29 v1.4h Standard LaTeX document class
("C:\Program Files\MiKTeX 2.9\tex\latex\base\bk12.clo"
File: bk12.clo 2014/09/29 v1.4h Standard LaTeX file (size option)
)
\c@part=\count79
\c@chapter=\count80
\c@section=\count81
\c@subsection=\count82
\c@subsubsection=\count83
\c@paragraph=\count84
\c@subparagraph=\count85
\c@figure=\count86
\c@table=\count87
\abovecaptionskip=\skip41
\belowcaptionskip=\skip42
\bibindent=\dimen102
)
("C:\Program Files\MiKTeX 2.9\tex\latex\natbib\natbib.sty"
Package: natbib 2010/09/13 8.31b (PWD, AO)
\bibhang=\skip43
\bibsep=\skip44
LaTeX Info: Redefining \cite on input line 694.
\c@NAT@ctr=\count88
)
("C:\Program Files\MiKTeX 2.9\tex\latex\hyphenat\hyphenat.sty"
Package: hyphenat 2009/09/02 v2.3c hyphenation utilities
\langwohyphens=\language70
LaTeX Info: Redefining \_ on input line 43.
)
("C:\Program Files\MiKTeX 2.9\tex\latex\lastpage\lastpage.sty"
Package: lastpage 2015/03/29 v1.2m Refers to last page's name (HMM; JPG)
)
("C:\Program Files\MiKTeX 2.9\tex\generic\babel\babel.sty"
Package: babel 2016/01/08 3.9n The Babel package

*************************************
* Local config file bblopts.cfg used
*
("C:\Program Files\MiKTeX 2.9\tex\latex\00miktex\bblopts.cfg"
File: bblopts.cfg 2006/07/31 v1.0 MiKTeX 'babel' configuration
)
("C:\Program Files\MiKTeX 2.9\tex\latex\babel-english\english.ldf"
Language: english 2012/08/20 v3.3p English support from the babel system

("C:\Program Files\MiKTeX 2.9\tex\generic\babel\babel.def"
File: babel.def 2016/01/08 3.9n Babel common definitions
\babel@savecnt=\count89
\U@D=\dimen103
)
\l@canadian = a dialect from \language\l@american 
\l@australian = a dialect from \language\l@british 
\l@newzealand = a dialect from \language\l@british 
)
("C:\Program Files\MiKTeX 2.9\tex\latex\babel-portuges\portuges.ldf"
Language: portuges 2008/03/18 v1.2q Portuguese support from the babel system
\l@brazil = a dialect from \language\l@portuges 
Package babel Info: Making " an active character on input line 145.
))
("C:\Program Files\MiKTeX 2.9\tex\latex\base\ifthen.sty"
Package: ifthen 2014/09/29 v1.1c Standard LaTeX ifthen package (DPC)
)
("C:\Program Files\MiKTeX 2.9\tex\latex\graphics\graphicx.sty"
Package: graphicx 2014/10/28 v1.0g Enhanced LaTeX Graphics (DPC,SPQR)

("C:\Program Files\MiKTeX 2.9\tex\latex\graphics\keyval.sty"
Package: keyval 2014/10/28 v1.15 key=value parser (DPC)
\KV@toks@=\toks14
)
("C:\Program Files\MiKTeX 2.9\tex\latex\graphics\graphics.sty"
Package: graphics 2016/01/03 v1.0q Standard LaTeX Graphics (DPC,SPQR)

("C:\Program Files\MiKTeX 2.9\tex\latex\graphics\trig.sty"
Package: trig 2016/01/03 v1.10 sin cos tan (DPC)
)
("C:\Program Files\MiKTeX 2.9\tex\latex\00miktex\graphics.cfg"
File: graphics.cfg 2010/04/23 v1.9 graphics configuration of TeX Live
)
Package graphics Info: Driver file: pdftex.def on input line 95.

("C:\Program Files\MiKTeX 2.9\tex\latex\pdftex-def\pdftex.def"
File: pdftex.def 2011/05/27 v0.06d Graphics/color for pdfTeX

("C:\Program Files\MiKTeX 2.9\tex\generic\oberdiek\infwarerr.sty"
Package: infwarerr 2010/04/08 v1.3 Providing info/warning/error messages (HO)
)
("C:\Program Files\MiKTeX 2.9\tex\generic\oberdiek\ltxcmds.sty"
Package: ltxcmds 2011/11/09 v1.22 LaTeX kernel commands for general use (HO)
)
\Gread@gobject=\count90
))
\Gin@req@height=\dimen104
\Gin@req@width=\dimen105
)
("C:\Program Files\MiKTeX 2.9\tex\latex\setspace\setspace.sty"
Package: setspace 2011/12/19 v6.7a set line spacing
)
("C:\Program Files\MiKTeX 2.9\tex\latex\tools\tabularx.sty"
Package: tabularx 2014/10/28 v2.10 `tabularx' package (DPC)

("C:\Program Files\MiKTeX 2.9\tex\latex\tools\array.sty"
Package: array 2014/10/28 v2.4c Tabular extension package (FMi)
\col@sep=\dimen106
\extrarowheight=\dimen107
\NC@list=\toks15
\extratabsurround=\skip45
\backup@length=\skip46
)
\TX@col@width=\dimen108
\TX@old@table=\dimen109
\TX@old@col=\dimen110
\TX@target=\dimen111
\TX@delta=\dimen112
\TX@cols=\count91
\TX@ftn=\toks16
)
("C:\Program Files\MiKTeX 2.9\tex\latex\eqparbox\eqparbox.sty"
Package: eqparbox 2013/03/15 v4.0 Create equal-widthed boxes
\eqp@tempdima=\skip47
\eqp@tempdimb=\skip48
\eqp@tabular@box=\box26
\eqp@list@box=\box27
\eqp@list@indent=\skip49

("C:\Program Files\MiKTeX 2.9\tex\latex\environ\environ.sty"
Package: environ 2014/05/04 v0.3 A new way to define environments

("C:\Program Files\MiKTeX 2.9\tex\latex\trimspaces\trimspaces.sty"
Package: trimspaces 2009/09/17 v1.1 Trim spaces around a token list
)
\@envbody=\toks17
))
("C:\Program Files\MiKTeX 2.9\tex\latex\geometry\geometry.sty"
Package: geometry 2010/09/12 v5.6 Page Geometry

("C:\Program Files\MiKTeX 2.9\tex\generic\oberdiek\ifpdf.sty"
Package: ifpdf 2011/01/30 v2.3 Provides the ifpdf switch (HO)
Package ifpdf Info: pdfTeX in PDF mode is detected.
)
("C:\Program Files\MiKTeX 2.9\tex\generic\oberdiek\ifvtex.sty"
Package: ifvtex 2010/03/01 v1.5 Detect VTeX and its facilities (HO)
Package ifvtex Info: VTeX not detected.
)
("C:\Program Files\MiKTeX 2.9\tex\generic\ifxetex\ifxetex.sty"
Package: ifxetex 2010/09/12 v0.6 Provides ifxetex conditional
)
\Gm@cnth=\count92
\Gm@cntv=\count93
\c@Gm@tempcnt=\count94
\Gm@bindingoffset=\dimen113
\Gm@wd@mp=\dimen114
\Gm@odd@mp=\dimen115
\Gm@even@mp=\dimen116
\Gm@layoutwidth=\dimen117
\Gm@layoutheight=\dimen118
\Gm@layouthoffset=\dimen119
\Gm@layoutvoffset=\dimen120
\Gm@dimlist=\toks18

("C:\Program Files\MiKTeX 2.9\tex\latex\geometry\geometry.cfg"))
\@coadvisor=\count95
\@examiner=\count96
\c@keywords=\count97
\bibindent=\dimen121
)
("C:\Program Files\MiKTeX 2.9\tex\latex\base\inputenc.sty"
Package: inputenc 2015/03/17 v1.2c Input encoding file
\inpenc@prehook=\toks19
\inpenc@posthook=\toks20

("C:\Program Files\MiKTeX 2.9\tex\latex\base\utf8.def"
File: utf8.def 2015/12/03 v1.1r UTF-8 support for inputenc
Now handling font encoding OML ...
... no UTF-8 mapping file for font encoding OML
Now handling font encoding T1 ...
... processing UTF-8 mapping file for font encoding T1

("C:\Program Files\MiKTeX 2.9\tex\latex\base\t1enc.dfu"
File: t1enc.dfu 2015/12/03 v1.1r UTF-8 support for inputenc
   defining Unicode char U+00A0 (decimal 160)
   defining Unicode char U+00A1 (decimal 161)
   defining Unicode char U+00A3 (decimal 163)
   defining Unicode char U+00AB (decimal 171)
   defining Unicode char U+00AD (decimal 173)
   defining Unicode char U+00BB (decimal 187)
   defining Unicode char U+00BF (decimal 191)
   defining Unicode char U+00C0 (decimal 192)
   defining Unicode char U+00C1 (decimal 193)
   defining Unicode char U+00C2 (decimal 194)
   defining Unicode char U+00C3 (decimal 195)
   defining Unicode char U+00C4 (decimal 196)
   defining Unicode char U+00C5 (decimal 197)
   defining Unicode char U+00C6 (decimal 198)
   defining Unicode char U+00C7 (decimal 199)
   defining Unicode char U+00C8 (decimal 200)
   defining Unicode char U+00C9 (decimal 201)
   defining Unicode char U+00CA (decimal 202)
   defining Unicode char U+00CB (decimal 203)
   defining Unicode char U+00CC (decimal 204)
   defining Unicode char U+00CD (decimal 205)
   defining Unicode char U+00CE (decimal 206)
   defining Unicode char U+00CF (decimal 207)
   defining Unicode char U+00D0 (decimal 208)
   defining Unicode char U+00D1 (decimal 209)
   defining Unicode char U+00D2 (decimal 210)
   defining Unicode char U+00D3 (decimal 211)
   defining Unicode char U+00D4 (decimal 212)
   defining Unicode char U+00D5 (decimal 213)
   defining Unicode char U+00D6 (decimal 214)
   defining Unicode char U+00D8 (decimal 216)
   defining Unicode char U+00D9 (decimal 217)
   defining Unicode char U+00DA (decimal 218)
   defining Unicode char U+00DB (decimal 219)
   defining Unicode char U+00DC (decimal 220)
   defining Unicode char U+00DD (decimal 221)
   defining Unicode char U+00DE (decimal 222)
   defining Unicode char U+00DF (decimal 223)
   defining Unicode char U+00E0 (decimal 224)
   defining Unicode char U+00E1 (decimal 225)
   defining Unicode char U+00E2 (decimal 226)
   defining Unicode char U+00E3 (decimal 227)
   defining Unicode char U+00E4 (decimal 228)
   defining Unicode char U+00E5 (decimal 229)
   defining Unicode char U+00E6 (decimal 230)
   defining Unicode char U+00E7 (decimal 231)
   defining Unicode char U+00E8 (decimal 232)
   defining Unicode char U+00E9 (decimal 233)
   defining Unicode char U+00EA (decimal 234)
   defining Unicode char U+00EB (decimal 235)
   defining Unicode char U+00EC (decimal 236)
   defining Unicode char U+00ED (decimal 237)
   defining Unicode char U+00EE (decimal 238)
   defining Unicode char U+00EF (decimal 239)
   defining Unicode char U+00F0 (decimal 240)
   defining Unicode char U+00F1 (decimal 241)
   defining Unicode char U+00F2 (decimal 242)
   defining Unicode char U+00F3 (decimal 243)
   defining Unicode char U+00F4 (decimal 244)
   defining Unicode char U+00F5 (decimal 245)
   defining Unicode char U+00F6 (decimal 246)
   defining Unicode char U+00F8 (decimal 248)
   defining Unicode char U+00F9 (decimal 249)
   defining Unicode char U+00FA (decimal 250)
   defining Unicode char U+00FB (decimal 251)
   defining Unicode char U+00FC (decimal 252)
   defining Unicode char U+00FD (decimal 253)
   defining Unicode char U+00FE (decimal 254)
   defining Unicode char U+00FF (decimal 255)
   defining Unicode char U+0100 (decimal 256)
   defining Unicode char U+0101 (decimal 257)
   defining Unicode char U+0102 (decimal 258)
   defining Unicode char U+0103 (decimal 259)
   defining Unicode char U+0104 (decimal 260)
   defining Unicode char U+0105 (decimal 261)
   defining Unicode char U+0106 (decimal 262)
   defining Unicode char U+0107 (decimal 263)
   defining Unicode char U+0108 (decimal 264)
   defining Unicode char U+0109 (decimal 265)
   defining Unicode char U+010A (decimal 266)
   defining Unicode char U+010B (decimal 267)
   defining Unicode char U+010C (decimal 268)
   defining Unicode char U+010D (decimal 269)
   defining Unicode char U+010E (decimal 270)
   defining Unicode char U+010F (decimal 271)
   defining Unicode char U+0110 (decimal 272)
   defining Unicode char U+0111 (decimal 273)
   defining Unicode char U+0112 (decimal 274)
   defining Unicode char U+0113 (decimal 275)
   defining Unicode char U+0114 (decimal 276)
   defining Unicode char U+0115 (decimal 277)
   defining Unicode char U+0116 (decimal 278)
   defining Unicode char U+0117 (decimal 279)
   defining Unicode char U+0118 (decimal 280)
   defining Unicode char U+0119 (decimal 281)
   defining Unicode char U+011A (decimal 282)
   defining Unicode char U+011B (decimal 283)
   defining Unicode char U+011C (decimal 284)
   defining Unicode char U+011D (decimal 285)
   defining Unicode char U+011E (decimal 286)
   defining Unicode char U+011F (decimal 287)
   defining Unicode char U+0120 (decimal 288)
   defining Unicode char U+0121 (decimal 289)
   defining Unicode char U+0122 (decimal 290)
   defining Unicode char U+0123 (decimal 291)
   defining Unicode char U+0124 (decimal 292)
   defining Unicode char U+0125 (decimal 293)
   defining Unicode char U+0128 (decimal 296)
   defining Unicode char U+0129 (decimal 297)
   defining Unicode char U+012A (decimal 298)
   defining Unicode char U+012B (decimal 299)
   defining Unicode char U+012C (decimal 300)
   defining Unicode char U+012D (decimal 301)
   defining Unicode char U+012E (decimal 302)
   defining Unicode char U+012F (decimal 303)
   defining Unicode char U+0130 (decimal 304)
   defining Unicode char U+0131 (decimal 305)
   defining Unicode char U+0132 (decimal 306)
   defining Unicode char U+0133 (decimal 307)
   defining Unicode char U+0134 (decimal 308)
   defining Unicode char U+0135 (decimal 309)
   defining Unicode char U+0136 (decimal 310)
   defining Unicode char U+0137 (decimal 311)
   defining Unicode char U+0139 (decimal 313)
   defining Unicode char U+013A (decimal 314)
   defining Unicode char U+013B (decimal 315)
   defining Unicode char U+013C (decimal 316)
   defining Unicode char U+013D (decimal 317)
   defining Unicode char U+013E (decimal 318)
   defining Unicode char U+0141 (decimal 321)
   defining Unicode char U+0142 (decimal 322)
   defining Unicode char U+0143 (decimal 323)
   defining Unicode char U+0144 (decimal 324)
   defining Unicode char U+0145 (decimal 325)
   defining Unicode char U+0146 (decimal 326)
   defining Unicode char U+0147 (decimal 327)
   defining Unicode char U+0148 (decimal 328)
   defining Unicode char U+014A (decimal 330)
   defining Unicode char U+014B (decimal 331)
   defining Unicode char U+014C (decimal 332)
   defining Unicode char U+014D (decimal 333)
   defining Unicode char U+014E (decimal 334)
   defining Unicode char U+014F (decimal 335)
   defining Unicode char U+0150 (decimal 336)
   defining Unicode char U+0151 (decimal 337)
   defining Unicode char U+0152 (decimal 338)
   defining Unicode char U+0153 (decimal 339)
   defining Unicode char U+0154 (decimal 340)
   defining Unicode char U+0155 (decimal 341)
   defining Unicode char U+0156 (decimal 342)
   defining Unicode char U+0157 (decimal 343)
   defining Unicode char U+0158 (decimal 344)
   defining Unicode char U+0159 (decimal 345)
   defining Unicode char U+015A (decimal 346)
   defining Unicode char U+015B (decimal 347)
   defining Unicode char U+015C (decimal 348)
   defining Unicode char U+015D (decimal 349)
   defining Unicode char U+015E (decimal 350)
   defining Unicode char U+015F (decimal 351)
   defining Unicode char U+0160 (decimal 352)
   defining Unicode char U+0161 (decimal 353)
   defining Unicode char U+0162 (decimal 354)
   defining Unicode char U+0163 (decimal 355)
   defining Unicode char U+0164 (decimal 356)
   defining Unicode char U+0165 (decimal 357)
   defining Unicode char U+0168 (decimal 360)
   defining Unicode char U+0169 (decimal 361)
   defining Unicode char U+016A (decimal 362)
   defining Unicode char U+016B (decimal 363)
   defining Unicode char U+016C (decimal 364)
   defining Unicode char U+016D (decimal 365)
   defining Unicode char U+016E (decimal 366)
   defining Unicode char U+016F (decimal 367)
   defining Unicode char U+0170 (decimal 368)
   defining Unicode char U+0171 (decimal 369)
   defining Unicode char U+0172 (decimal 370)
   defining Unicode char U+0173 (decimal 371)
   defining Unicode char U+0174 (decimal 372)
   defining Unicode char U+0175 (decimal 373)
   defining Unicode char U+0176 (decimal 374)
   defining Unicode char U+0177 (decimal 375)
   defining Unicode char U+0178 (decimal 376)
   defining Unicode char U+0179 (decimal 377)
   defining Unicode char U+017A (decimal 378)
   defining Unicode char U+017B (decimal 379)
   defining Unicode char U+017C (decimal 380)
   defining Unicode char U+017D (decimal 381)
   defining Unicode char U+017E (decimal 382)
   defining Unicode char U+01CD (decimal 461)
   defining Unicode char U+01CE (decimal 462)
   defining Unicode char U+01CF (decimal 463)
   defining Unicode char U+01D0 (decimal 464)
   defining Unicode char U+01D1 (decimal 465)
   defining Unicode char U+01D2 (decimal 466)
   defining Unicode char U+01D3 (decimal 467)
   defining Unicode char U+01D4 (decimal 468)
   defining Unicode char U+01E2 (decimal 482)
   defining Unicode char U+01E3 (decimal 483)
   defining Unicode char U+01E6 (decimal 486)
   defining Unicode char U+01E7 (decimal 487)
   defining Unicode char U+01E8 (decimal 488)
   defining Unicode char U+01E9 (decimal 489)
   defining Unicode char U+01EA (decimal 490)
   defining Unicode char U+01EB (decimal 491)
   defining Unicode char U+01F0 (decimal 496)
   defining Unicode char U+01F4 (decimal 500)
   defining Unicode char U+01F5 (decimal 501)
   defining Unicode char U+0218 (decimal 536)
   defining Unicode char U+0219 (decimal 537)
   defining Unicode char U+021A (decimal 538)
   defining Unicode char U+021B (decimal 539)
   defining Unicode char U+01E02 (decimal 7682)
   defining Unicode char U+01E03 (decimal 7683)
   defining Unicode char U+200C (decimal 8204)
   defining Unicode char U+2013 (decimal 8211)
   defining Unicode char U+2014 (decimal 8212)
   defining Unicode char U+2018 (decimal 8216)
   defining Unicode char U+2019 (decimal 8217)
   defining Unicode char U+201A (decimal 8218)
   defining Unicode char U+201C (decimal 8220)
   defining Unicode char U+201D (decimal 8221)
   defining Unicode char U+201E (decimal 8222)
   defining Unicode char U+2030 (decimal 8240)
   defining Unicode char U+2031 (decimal 8241)
   defining Unicode char U+2039 (decimal 8249)
   defining Unicode char U+203A (decimal 8250)
   defining Unicode char U+2423 (decimal 9251)
)
Now handling font encoding OT1 ...
... processing UTF-8 mapping file for font encoding OT1

("C:\Program Files\MiKTeX 2.9\tex\latex\base\ot1enc.dfu"
File: ot1enc.dfu 2015/12/03 v1.1r UTF-8 support for inputenc
   defining Unicode char U+00A0 (decimal 160)
   defining Unicode char U+00A1 (decimal 161)
   defining Unicode char U+00A3 (decimal 163)
   defining Unicode char U+00AD (decimal 173)
   defining Unicode char U+00B8 (decimal 184)
   defining Unicode char U+00BF (decimal 191)
   defining Unicode char U+00C5 (decimal 197)
   defining Unicode char U+00C6 (decimal 198)
   defining Unicode char U+00D8 (decimal 216)
   defining Unicode char U+00DF (decimal 223)
   defining Unicode char U+00E6 (decimal 230)
   defining Unicode char U+00EC (decimal 236)
   defining Unicode char U+00ED (decimal 237)
   defining Unicode char U+00EE (decimal 238)
   defining Unicode char U+00EF (decimal 239)
   defining Unicode char U+00F8 (decimal 248)
   defining Unicode char U+0131 (decimal 305)
   defining Unicode char U+0141 (decimal 321)
   defining Unicode char U+0142 (decimal 322)
   defining Unicode char U+0152 (decimal 338)
   defining Unicode char U+0153 (decimal 339)
   defining Unicode char U+0174 (decimal 372)
   defining Unicode char U+0175 (decimal 373)
   defining Unicode char U+0176 (decimal 374)
   defining Unicode char U+0177 (decimal 375)
   defining Unicode char U+0218 (decimal 536)
   defining Unicode char U+0219 (decimal 537)
   defining Unicode char U+021A (decimal 538)
   defining Unicode char U+021B (decimal 539)
   defining Unicode char U+2013 (decimal 8211)
   defining Unicode char U+2014 (decimal 8212)
   defining Unicode char U+2018 (decimal 8216)
   defining Unicode char U+2019 (decimal 8217)
   defining Unicode char U+201C (decimal 8220)
   defining Unicode char U+201D (decimal 8221)
)
Now handling font encoding OMS ...
... processing UTF-8 mapping file for font encoding OMS

("C:\Program Files\MiKTeX 2.9\tex\latex\base\omsenc.dfu"
File: omsenc.dfu 2015/12/03 v1.1r UTF-8 support for inputenc
   defining Unicode char U+00A7 (decimal 167)
   defining Unicode char U+00B6 (decimal 182)
   defining Unicode char U+00B7 (decimal 183)
   defining Unicode char U+2020 (decimal 8224)
   defining Unicode char U+2021 (decimal 8225)
   defining Unicode char U+2022 (decimal 8226)
)
Now handling font encoding OMX ...
... no UTF-8 mapping file for font encoding OMX
Now handling font encoding U ...
... no UTF-8 mapping file for font encoding U
   defining Unicode char U+00A9 (decimal 169)
   defining Unicode char U+00AA (decimal 170)
   defining Unicode char U+00AE (decimal 174)
   defining Unicode char U+00BA (decimal 186)
   defining Unicode char U+02C6 (decimal 710)
   defining Unicode char U+02DC (decimal 732)
   defining Unicode char U+200C (decimal 8204)
   defining Unicode char U+2026 (decimal 8230)
   defining Unicode char U+2122 (decimal 8482)
   defining Unicode char U+2423 (decimal 9251)
))
("C:\Program Files\MiKTeX 2.9\tex\latex\amsmath\amsmath.sty"
Package: amsmath 2013/01/14 v2.14 AMS math features
\@mathmargin=\skip50

For additional information on amsmath, use the `?' option.
("C:\Program Files\MiKTeX 2.9\tex\latex\amsmath\amstext.sty"
Package: amstext 2000/06/29 v2.01

("C:\Program Files\MiKTeX 2.9\tex\latex\amsmath\amsgen.sty"
File: amsgen.sty 1999/11/30 v2.0
\@emptytoks=\toks21
\ex@=\dimen122
))
("C:\Program Files\MiKTeX 2.9\tex\latex\amsmath\amsbsy.sty"
Package: amsbsy 1999/11/29 v1.2d
\pmbraise@=\dimen123
)
("C:\Program Files\MiKTeX 2.9\tex\latex\amsmath\amsopn.sty"
Package: amsopn 1999/12/14 v2.01 operator names
)
\inf@bad=\count98
LaTeX Info: Redefining \frac on input line 210.
\uproot@=\count99
\leftroot@=\count100
LaTeX Info: Redefining \overline on input line 306.
\classnum@=\count101
\DOTSCASE@=\count102
LaTeX Info: Redefining \ldots on input line 378.
LaTeX Info: Redefining \dots on input line 381.
LaTeX Info: Redefining \cdots on input line 466.
\Mathstrutbox@=\box28
\strutbox@=\box29
\big@size=\dimen124
LaTeX Font Info:    Redeclaring font encoding OML on input line 566.
LaTeX Font Info:    Redeclaring font encoding OMS on input line 567.
\macc@depth=\count103
\c@MaxMatrixCols=\count104
\dotsspace@=\muskip10
\c@parentequation=\count105
\dspbrk@lvl=\count106
\tag@help=\toks22
\row@=\count107
\column@=\count108
\maxfields@=\count109
\andhelp@=\toks23
\eqnshift@=\dimen125
\alignsep@=\dimen126
\tagshift@=\dimen127
\tagwidth@=\dimen128
\totwidth@=\dimen129
\lineht@=\dimen130
\@envbody=\toks24
\multlinegap=\skip51
\multlinetaggap=\skip52
\mathdisplay@stack=\toks25
LaTeX Info: Redefining \[ on input line 2665.
LaTeX Info: Redefining \] on input line 2666.
)
("C:\Program Files\MiKTeX 2.9\tex\latex\amsfonts\amssymb.sty"
Package: amssymb 2013/01/14 v3.01 AMS font symbols

("C:\Program Files\MiKTeX 2.9\tex\latex\amsfonts\amsfonts.sty"
Package: amsfonts 2013/01/14 v3.01 Basic AMSFonts support
\symAMSa=\mathgroup4
\symAMSb=\mathgroup5
LaTeX Font Info:    Overwriting math alphabet `\mathfrak' in version `bold'
(Font)                  U/euf/m/n --> U/euf/b/n on input line 106.
))
("C:\Program Files\MiKTeX 2.9\tex\latex\hyperref\hyperref.sty"
Package: hyperref 2012/11/06 v6.83m Hypertext links for LaTeX

("C:\Program Files\MiKTeX 2.9\tex\generic\oberdiek\hobsub-hyperref.sty"
Package: hobsub-hyperref 2012/04/25 v1.12 Bundle oberdiek, subset hyperref (HO)


("C:\Program Files\MiKTeX 2.9\tex\generic\oberdiek\hobsub-generic.sty"
Package: hobsub-generic 2012/04/25 v1.12 Bundle oberdiek, subset generic (HO)
Package: hobsub 2012/04/25 v1.12 Construct package bundles (HO)
Package hobsub Info: Skipping package `infwarerr' (already loaded).
Package hobsub Info: Skipping package `ltxcmds' (already loaded).
Package: ifluatex 2010/03/01 v1.3 Provides the ifluatex switch (HO)
Package ifluatex Info: LuaTeX not detected.
Package hobsub Info: Skipping package `ifvtex' (already loaded).
Package: intcalc 2007/09/27 v1.1 Expandable calculations with integers (HO)
Package hobsub Info: Skipping package `ifpdf' (already loaded).
Package: etexcmds 2011/02/16 v1.5 Avoid name clashes with e-TeX commands (HO)
Package etexcmds Info: Could not find \expanded.
(etexcmds)             That can mean that you are not using pdfTeX 1.50 or
(etexcmds)             that some package has redefined \expanded.
(etexcmds)             In the latter case, load this package earlier.
Package: kvsetkeys 2012/04/25 v1.16 Key value parser (HO)
Package: kvdefinekeys 2011/04/07 v1.3 Define keys (HO)
Package: pdftexcmds 2011/11/29 v0.20 Utility functions of pdfTeX for LuaTeX (HO
)
Package pdftexcmds Info: LuaTeX not detected.
Package pdftexcmds Info: \pdf@primitive is available.
Package pdftexcmds Info: \pdf@ifprimitive is available.
Package pdftexcmds Info: \pdfdraftmode found.
Package: pdfescape 2011/11/25 v1.13 Implements pdfTeX's escape features (HO)
Package: bigintcalc 2012/04/08 v1.3 Expandable calculations on big integers (HO
)
Package: bitset 2011/01/30 v1.1 Handle bit-vector datatype (HO)
Package: uniquecounter 2011/01/30 v1.2 Provide unlimited unique counter (HO)
)
Package hobsub Info: Skipping package `hobsub' (already loaded).
Package: letltxmacro 2010/09/02 v1.4 Let assignment for LaTeX macros (HO)
Package: hopatch 2011/06/24 v1.1 Wrapper for package hooks (HO)
Package: xcolor-patch 2011/01/30 xcolor patch
Package: atveryend 2011/06/30 v1.8 Hooks at the very end of document (HO)
Package atveryend Info: \enddocument detected (standard20110627).
Package: atbegshi 2011/10/05 v1.16 At begin shipout hook (HO)
Package: refcount 2011/10/16 v3.4 Data extraction from label references (HO)
Package: hycolor 2011/01/30 v1.7 Color options for hyperref/bookmark (HO)
)
("C:\Program Files\MiKTeX 2.9\tex\latex\oberdiek\auxhook.sty"
Package: auxhook 2011/03/04 v1.3 Hooks for auxiliary files (HO)
)
("C:\Program Files\MiKTeX 2.9\tex\latex\oberdiek\kvoptions.sty"
Package: kvoptions 2011/06/30 v3.11 Key value format for package options (HO)
)
\@linkdim=\dimen131
\Hy@linkcounter=\count110
\Hy@pagecounter=\count111

("C:\Program Files\MiKTeX 2.9\tex\latex\hyperref\pd1enc.def"
File: pd1enc.def 2012/11/06 v6.83m Hyperref: PDFDocEncoding definition (HO)
Now handling font encoding PD1 ...
... no UTF-8 mapping file for font encoding PD1
)
\Hy@SavedSpaceFactor=\count112

("C:\Program Files\MiKTeX 2.9\tex\latex\00miktex\hyperref.cfg"
File: hyperref.cfg 2002/06/06 v1.2 hyperref configuration of TeXLive
)
Package hyperref Info: Hyper figures OFF on input line 4443.
Package hyperref Info: Link nesting OFF on input line 4448.
Package hyperref Info: Hyper index ON on input line 4451.
Package hyperref Info: Plain pages OFF on input line 4458.
Package hyperref Info: Backreferencing OFF on input line 4463.
Package hyperref Info: Implicit mode ON; LaTeX internals redefined.
Package hyperref Info: Bookmarks ON on input line 4688.
\c@Hy@tempcnt=\count113

("C:\Program Files\MiKTeX 2.9\tex\latex\url\url.sty"
\Urlmuskip=\muskip11
Package: url 2013/09/16  ver 3.4  Verb mode for urls, etc.
)
LaTeX Info: Redefining \url on input line 5041.
\XeTeXLinkMargin=\dimen132
\Fld@menulength=\count114
\Field@Width=\dimen133
\Fld@charsize=\dimen134
Package hyperref Info: Hyper figures OFF on input line 6295.
Package hyperref Info: Link nesting OFF on input line 6300.
Package hyperref Info: Hyper index ON on input line 6303.
Package hyperref Info: backreferencing OFF on input line 6310.
Package hyperref Info: Link coloring OFF on input line 6315.
Package hyperref Info: Link coloring with OCG OFF on input line 6320.
Package hyperref Info: PDF/A mode OFF on input line 6325.
LaTeX Info: Redefining \ref on input line 6365.
LaTeX Info: Redefining \pageref on input line 6369.
\Hy@abspage=\count115
\c@Item=\count116
\c@Hfootnote=\count117
)

Package hyperref Message: Driver (autodetected): hpdftex.

("C:\Program Files\MiKTeX 2.9\tex\latex\hyperref\hpdftex.def"
File: hpdftex.def 2012/11/06 v6.83m Hyperref driver for pdfTeX
\Fld@listcount=\count118
\c@bookmark@seq@number=\count119

("C:\Program Files\MiKTeX 2.9\tex\latex\oberdiek\rerunfilecheck.sty"
Package: rerunfilecheck 2011/04/15 v1.7 Rerun checks for auxiliary files (HO)
Package uniquecounter Info: New unique counter `rerunfilecheck' on input line 2
82.
)
\Hy@SectionHShift=\skip53
)
("C:\Program Files\MiKTeX 2.9\tex\latex\tools\enumerate.sty"
Package: enumerate 2015/07/23 v3.00 enumerate extensions (DPC)
\@enLab=\toks26
)
("C:\Program Files\MiKTeX 2.9\tex\latex\subfigure\subfigure.sty"
Package: subfigure 2002/07/30 v2.1.4 subfigure package
\subfigtopskip=\skip54
\subfigcapskip=\skip55
\subfigcaptopadj=\dimen135
\subfigbottomskip=\skip56
\subfigcapmargin=\dimen136
\subfiglabelskip=\skip57
\c@subfigure=\count120
\c@lofdepth=\count121
\c@subtable=\count122
\c@lotdepth=\count123

****************************************
* Local config file subfigure.cfg used *
****************************************
("C:\Program Files\MiKTeX 2.9\tex\latex\subfigure\subfigure.cfg")
\subfig@top=\skip58
\subfig@bottom=\skip59
)
\@losfile=\write3
\openout3 = `thesis.syx'.


Writing index of symbols file thesis.syx
\@labfile=\write4
\openout4 = `thesis.abx'.

Writing index of abbreviations file thesis.abx
(thesis.aux (dedic.aux) (thanks.aux) (resumo.aux) (abstract.aux) (chap01.aux)
(chap02.aux) (chap03.aux) (chap04.aux) (chap05.aux) (appenA.aux) (appenB.aux))
\openout1 = `thesis.aux'.

LaTeX Font Info:    Checking defaults for OML/cmm/m/it on input line 16.
LaTeX Font Info:    ... okay on input line 16.
LaTeX Font Info:    Checking defaults for T1/cmr/m/n on input line 16.
LaTeX Font Info:    ... okay on input line 16.
LaTeX Font Info:    Checking defaults for OT1/cmr/m/n on input line 16.
LaTeX Font Info:    ... okay on input line 16.
LaTeX Font Info:    Checking defaults for OMS/cmsy/m/n on input line 16.
LaTeX Font Info:    ... okay on input line 16.
LaTeX Font Info:    Checking defaults for OMX/cmex/m/n on input line 16.
LaTeX Font Info:    ... okay on input line 16.
LaTeX Font Info:    Checking defaults for U/cmr/m/n on input line 16.
LaTeX Font Info:    ... okay on input line 16.
LaTeX Font Info:    Checking defaults for PD1/pdf/m/n on input line 16.
LaTeX Font Info:    ... okay on input line 16.
Package lastpage Info: Please have a look at the pageslts package at
(lastpage)             https://www.ctan.org/pkg/pageslts
(lastpage)             ! on input line 16.

("C:\Program Files\MiKTeX 2.9\tex\context\base\supp-pdf.mkii"
[Loading MPS to PDF converter (version 2006.09.02).]
\scratchcounter=\count124
\scratchdimen=\dimen137
\scratchbox=\box30
\nofMPsegments=\count125
\nofMParguments=\count126
\everyMPshowfont=\toks27
\MPscratchCnt=\count127
\MPscratchDim=\dimen138
\MPnumerator=\count128
\makeMPintoPDFobject=\count129
\everyMPtoPDFconversion=\toks28
) ("C:\Program Files\MiKTeX 2.9\tex\latex\oberdiek\epstopdf-base.sty"
Package: epstopdf-base 2010/02/09 v2.5 Base part for package epstopdf

("C:\Program Files\MiKTeX 2.9\tex\latex\oberdiek\grfext.sty"
Package: grfext 2010/08/19 v1.1 Manage graphics extensions (HO)
)
Package grfext Info: Graphics extension search list:
(grfext)             [.png,.pdf,.jpg,.mps,.jpeg,.jbig2,.jb2,.PNG,.PDF,.JPG,.JPE
G,.JBIG2,.JB2,.eps]
(grfext)             \AppendGraphicsExtensions on input line 452.
)
*geometry* driver: auto-detecting
*geometry* detected driver: pdftex
*geometry* verbose mode - [ preamble ] result:
* driver: pdftex
* paper: a4paper
* layout: <same size as paper>
* layoutoffset:(h,v)=(0.0pt,0.0pt)
* vratio: 1:1
* modes: 
* h-part:(L,W,R)=(85.35826pt, 426.79135pt, 85.35826pt)
* v-part:(T,H,B)=(71.13188pt, 702.78308pt, 71.13188pt)
* \paperwidth=597.50787pt
* \paperheight=845.04684pt
* \textwidth=426.79135pt
* \textheight=702.78308pt
* \oddsidemargin=13.08827pt
* \evensidemargin=13.08827pt
* \topmargin=-33.0119pt
* \headheight=12.0pt
* \headsep=19.8738pt
* \topskip=12.0pt
* \footskip=30.0pt
* \marginparwidth=38.0pt
* \marginparsep=7.0pt
* \columnsep=10.0pt
* \skip\footins=10.8pt plus 4.0pt minus 2.0pt
* \hoffset=0.0pt
* \voffset=0.0pt
* \mag=1000
* \@twocolumnfalse
* \@twosidefalse
* \@mparswitchfalse
* \@reversemarginfalse
* (1in=72.27pt=25.4mm, 1cm=28.453pt)

\AtBeginShipoutBox=\box31
Package hyperref Info: Link coloring OFF on input line 16.
("C:\Program Files\MiKTeX 2.9\tex\latex\hyperref\nameref.sty"
Package: nameref 2012/10/27 v2.43 Cross-referencing by name of section

("C:\Program Files\MiKTeX 2.9\tex\generic\oberdiek\gettitlestring.sty"
Package: gettitlestring 2010/12/03 v1.4 Cleanup title references (HO)
)
\c@section@level=\count130
)
LaTeX Info: Redefining \ref on input line 16.
LaTeX Info: Redefining \pageref on input line 16.
LaTeX Info: Redefining \nameref on input line 16.

(thesis.out) (thesis.out)
\@outlinefile=\write5
\openout5 = `thesis.out'.

Package babel Info: Redefining portuges shorthand "|
(babel)             in language  on input line 40.
Package babel Info: Redefining portuges shorthand "|
(babel)             in language  on input line 40.
Package babel Info: Redefining portuges shorthand "|
(babel)             in language  on input line 40.
Package babel Info: Redefining portuges shorthand "|
(babel)             in language  on input line 40.
Package babel Info: Redefining portuges shorthand "|
(babel)             in language  on input line 40.
Package hyperref Info: Option `breaklinks' set `true' on input line 40.
Package hyperref Info: Option `raiselinks' set `true' on input line 40.
Package hyperref Info: Option `pageanchor' set `true' on input line 40.


pdfTeX warning: pdflatex.exe (file ./ON-logo.pdf): PDF inclusion: found PDF ver
sion <1.6>, but at most version <1.5> allowed
<ON-logo.pdf, id=107, 532.95615pt x 168.19116pt>
File: ON-logo.pdf Graphic file (type pdf)
 <use ON-logo.pdf>
Package pdftex.def Info: ON-logo.pdf used on input line 40.
(pdftex.def)             Requested size: 142.26378pt x 44.8938pt.

<MCTI-logo.pdf, id=108, 195.00854pt x 72.27pt>
File: MCTI-logo.pdf Graphic file (type pdf)
 <use MCTI-logo.pdf>
Package pdftex.def Info: MCTI-logo.pdf used on input line 40.
(pdftex.def)             Requested size: 113.81102pt x 42.17796pt.

Underfull \hbox (badness 7740) in paragraph at lines 40--40
[]\OT1/cmr/m/n/12 Dissertac~ao de Mestrado apresentada ao
 []

LaTeX Font Info:    Try loading font information for U+msa on input line 40.
("C:\Program Files\MiKTeX 2.9\tex\latex\amsfonts\umsa.fd"
File: umsa.fd 2013/01/14 v3.01 AMS symbols A
)
LaTeX Font Info:    Try loading font information for U+msb on input line 40.

("C:\Program Files\MiKTeX 2.9\tex\latex\amsfonts\umsb.fd"
File: umsb.fd 2013/01/14 v3.01 AMS symbols B
)
Package babel Info: Redefining portuges shorthand "|
(babel)             in language  on input line 40.
Package babel Info: Redefining portuges shorthand "|
(babel)             in language  on input line 40.
 [1


{C:/Users/diego_000/AppData/Local/MiKTeX/2.9/pdftex/config/pdftex.map} <./ON-lo
go.pdf> <./MCTI-logo.pdf>]
Package babel Info: Redefining portuges shorthand "|
(babel)             in language  on input line 41.
Package babel Info: Redefining portuges shorthand "|
(babel)             in language  on input line 41.
 [2

]
Package babel Info: Redefining portuges shorthand "|
(babel)             in language  on input line 42.
Package babel Info: Redefining portuges shorthand "|
(babel)             in language  on input line 42.
 [3

]
\openout2 = `dedic.aux'.

 (dedic.tex)
Package babel Info: Redefining portuges shorthand "|
(babel)             in language  on input line 42.
Package babel Info: Redefining portuges shorthand "|
(babel)             in language  on input line 42.
 [4


]
\openout2 = `thanks.aux'.

 (thanks.tex)
Underfull \hbox (badness 10000) in paragraph at lines 3--43

 []


Underfull \hbox (badness 10000) in paragraph at lines 3--43

 []


Underfull \hbox (badness 10000) in paragraph at lines 3--43

 []


Underfull \hbox (badness 10000) in paragraph at lines 3--43

 []


Underfull \hbox (badness 10000) in paragraph at lines 3--43

 []


Underfull \hbox (badness 10000) in paragraph at lines 3--43

 []


Underfull \hbox (badness 10000) in paragraph at lines 3--43

 []

Package babel Info: Redefining portuges shorthand "|
(babel)             in language  on input line 43.
Package babel Info: Redefining portuges shorthand "|
(babel)             in language  on input line 43.
[5



]
\openout2 = `resumo.aux'.

 (resumo.tex)
Package babel Info: Redefining portuges shorthand "|
(babel)             in language  on input line 44.
Package babel Info: Redefining portuges shorthand "|
(babel)             in language  on input line 44.
 [6



]
\openout2 = `abstract.aux'.

 (abstract.tex)
Package babel Info: Redefining portuges shorthand "|
(babel)             in language  on input line 45.
Package babel Info: Redefining portuges shorthand "|
(babel)             in language  on input line 45.
 [7



] (thesis.toc
Package babel Info: Redefining portuges shorthand "|
(babel)             in language  on input line 30.
Package babel Info: Redefining portuges shorthand "|
(babel)             in language  on input line 30.
 [8


])
\tf@toc=\write6
\openout6 = `thesis.toc'.

Package babel Info: Redefining portuges shorthand "|
(babel)             in language  on input line 47.
Package babel Info: Redefining portuges shorthand "|
(babel)             in language  on input line 47.
 [9]
Package babel Info: Redefining portuges shorthand "|
(babel)             in language  on input line 47.
 (thesis.lof
Package babel Info: Redefining portuges shorthand "|
(babel)             in language  on input line 23.
Package babel Info: Redefining portuges shorthand "|
(babel)             in language  on input line 23.

[10

])
\tf@lof=\write7
\openout7 = `thesis.lof'.

Package babel Info: Redefining portuges shorthand "|
(babel)             in language  on input line 48.
Package babel Info: Redefining portuges shorthand "|
(babel)             in language  on input line 48.
 [11]
Package babel Info: Redefining portuges shorthand "|
(babel)             in language  on input line 48.
 (thesis.lot
Package babel Info: Redefining portuges shorthand "|
(babel)             in language  on input line 18.
Package babel Info: Redefining portuges shorthand "|
(babel)             in language  on input line 18.
 [12

])
\tf@lot=\write8
\openout8 = `thesis.lot'.


No file thesis.los.
No file thesis.lab.
Package babel Info: Redefining portuges shorthand "|
(babel)             in language  on input line 52.
Package babel Info: Redefining portuges shorthand "|
(babel)             in language  on input line 52.
[13]
\openout2 = `chap01.aux'.

 (chap01.tex
Cap\'{\i }tulo 1.
Package babel Info: Redefining portuges shorthand "|
(babel)             in language  on input line 1.
Package babel Info: Redefining portuges shorthand "|
(babel)             in language  on input line 31.
Package babel Info: Redefining portuges shorthand "|
(babel)             in language  on input line 31.
[1



]
Package babel Info: Redefining portuges shorthand "|
(babel)             in language  on input line 52.
Package babel Info: Redefining portuges shorthand "|
(babel)             in language  on input line 52.
 [2])
Package babel Info: Redefining portuges shorthand "|
(babel)             in language  on input line 53.
Package babel Info: Redefining portuges shorthand "|
(babel)             in language  on input line 53.
 [3]
\openout2 = `chap02.aux'.

 (chap02.tex
Cap\'{\i }tulo 2.
Package babel Info: Redefining portuges shorthand "|
(babel)             in language  on input line 1.
Package babel Info: Redefining portuges shorthand "|
(babel)             in language  on input line 3.
Package babel Info: Redefining portuges shorthand "|
(babel)             in language  on input line 32.
Package babel Info: Redefining portuges shorthand "|
(babel)             in language  on input line 32.
[4



]
Package babel Info: Redefining portuges shorthand "|
(babel)             in language  on input line 103.
Package babel Info: Redefining portuges shorthand "|
(babel)             in language  on input line 103.
 [5]
<figures/structural_orientation_angles.png, id=457, 227.6505pt x 256.0767pt>
File: figures/structural_orientation_angles.png Graphic file (type png)

<use figures/structural_orientation_angles.png>
Package pdftex.def Info: figures/structural_orientation_angles.png used on inpu
t line 129.
(pdftex.def)             Requested size: 341.46794pt x 412.58351pt.
Package babel Info: Redefining portuges shorthand "|
(babel)             in language  on input line 134.
Package babel Info: Redefining portuges shorthand "|
(babel)             in language  on input line 162.
Package babel Info: Redefining portuges shorthand "|
(babel)             in language  on input line 162.
 [6]
Package babel Info: Redefining portuges shorthand "|
(babel)             in language  on input line 173.
Package babel Info: Redefining portuges shorthand "|
(babel)             in language  on input line 173.
 [7 <./figures/structural_orientation_angles.png>]
Package babel Info: Redefining portuges shorthand "|
(babel)             in language  on input line 225.
Package babel Info: Redefining portuges shorthand "|
(babel)             in language  on input line 225.
 [8]
Package babel Info: Redefining portuges shorthand "|
(babel)             in language  on input line 238.
Package babel Info: Redefining portuges shorthand "|
(babel)             in language  on input line 260.
Package babel Info: Redefining portuges shorthand "|
(babel)             in language  on input line 260.
 [9]

LaTeX Warning: Reference `eq:V_oblate' on page 10 undefined on input line 273.

Package babel Info: Redefining portuges shorthand "|
(babel)             in language  on input line 302.

Package hyperref Warning: Token not allowed in a PDF string (PDFDocEncoding):
(hyperref)                removing `math shift' on input line 302.


Package hyperref Warning: Token not allowed in a PDF string (PDFDocEncoding):
(hyperref)                removing `math shift' on input line 302.

Package babel Info: Redefining portuges shorthand "|
(babel)             in language  on input line 304.

Package hyperref Warning: Token not allowed in a PDF string (PDFDocEncoding):
(hyperref)                removing `math shift' on input line 304.


Package hyperref Warning: Token not allowed in a PDF string (PDFDocEncoding):
(hyperref)                removing `superscript' on input line 304.


Package hyperref Warning: Token not allowed in a PDF string (PDFDocEncoding):
(hyperref)                removing `\dagger' on input line 304.


Package hyperref Warning: Token not allowed in a PDF string (PDFDocEncoding):
(hyperref)                removing `math shift' on input line 304.

Package babel Info: Redefining portuges shorthand "|
(babel)             in language  on input line 308.
Package babel Info: Redefining portuges shorthand "|
(babel)             in language  on input line 308.
[10]
Overfull \hbox (3.8707pt too wide) detected at line 347
[][] \OT1/cmr/m/n/12 = \OMS/cmsy/m/n/12  [] [] \OT1/cmr/m/n/12 + []\OML/cmm/m/i
t/12 E\OT1/cmr/m/n/12 (\OML/cmm/m/it/12 ; \OT1/cmr/m/n/12 ) \OMS/cmsy/m/n/12 
  []
 []

Package babel Info: Redefining portuges shorthand "|
(babel)             in language  on input line 364.
Package babel Info: Redefining portuges shorthand "|
(babel)             in language  on input line 364.
[11]
Package babel Info: Redefining portuges shorthand "|
(babel)             in language  on input line 433.
Package babel Info: Redefining portuges shorthand "|
(babel)             in language  on input line 433.
 [12]
Package babel Info: Redefining portuges shorthand "|
(babel)             in language  on input line 434.


Package hyperref Warning: Token not allowed in a PDF string (PDFDocEncoding):
(hyperref)                removing `math shift' on input line 434.


Package hyperref Warning: Token not allowed in a PDF string (PDFDocEncoding):
(hyperref)                removing `superscript' on input line 434.


Package hyperref Warning: Token not allowed in a PDF string (PDFDocEncoding):
(hyperref)                removing `\ddagger' on input line 434.


Package hyperref Warning: Token not allowed in a PDF string (PDFDocEncoding):
(hyperref)                removing `math shift' on input line 434.


LaTeX Warning: Reference `eq:delta-H-tilde' on page 13 undefined on input line 
440.

Package babel Info: Redefining portuges shorthand "|
(babel)             in language  on input line 528.
Package babel Info: Redefining portuges shorthand "|
(babel)             in language  on input line 528.
[13]
Package babel Info: Redefining portuges shorthand "|
(babel)             in language  on input line 576.
Package babel Info: Redefining portuges shorthand "|
(babel)             in language  on input line 595.
Package babel Info: Redefining portuges shorthand "|
(babel)             in language  on input line 595.
 [14]
Package babel Info: Redefining portuges shorthand "|
(babel)             in language  on input line 652.
Package babel Info: Redefining portuges shorthand "|
(babel)             in language  on input line 652.
 [15]

LaTeX Warning: Reference `eq:M-remanence' on page 16 undefined on input line 65
5.


LaTeX Warning: Reference `fig:orientation-angles' on page 16 undefined on input
 line 656.


LaTeX Warning: Reference `eq:Lambda' on page 16 undefined on input line 657.

Package babel Info: Redefining portuges shorthand "|
(babel)             in language  on input line 711.
Package babel Info: Redefining portuges shorthand "|
(babel)             in language  on input line 711.
[16]

Package natbib Warning: Citation `demmel1997' on page 17 undefined on input lin
e 749.


Package natbib Warning: Citation `golub2013' on page 17 undefined on input line
 749.


Package natbib Warning: Citation `demmel1997' on page 17 undefined on input lin
e 762.


Package natbib Warning: Citation `golub2013' on page 17 undefined on input line
 762.

Package babel Info: Redefining portuges shorthand "|
(babel)             in language  on input line 787.
Package babel Info: Redefining portuges shorthand "|
(babel)             in language  on input line 787.
[17]
Package babel Info: Redefining portuges shorthand "|
(babel)             in language  on input line 810.


LaTeX Warning: Reference `eq:delta-H-tilde' on page 18 undefined on input line 
826.


LaTeX Warning: Reference `eq:delta-H-tilde' on page 18 undefined on input line 
826.

Package babel Info: Redefining portuges shorthand "|
(babel)             in language  on input line 829.
Package babel Info: Redefining portuges shorthand "|
(babel)             in language  on input line 829.
[18]

LaTeX Warning: Reference `eq:delta-H-tilde' on page 19 undefined on input line 
838.

)
Package babel Info: Redefining portuges shorthand "|
(babel)             in language  on input line 54.
Package babel Info: Redefining portuges shorthand "|
(babel)             in language  on input line 54.
 [19]
\openout2 = `chap03.aux'.

 (chap03.tex
Cap\'{\i }tulo 3.
Package babel Info: Redefining portuges shorthand "|
(babel)             in language  on input line 1.
<figures/Cookbook_Triaxial.png, id=875, 573.64313pt x 529.98pt>
File: figures/Cookbook_Triaxial.png Graphic file (type png)

<use figures/Cookbook_Triaxial.png>
Package pdftex.def Info: figures/Cookbook_Triaxial.png used on input line 11.
(pdftex.def)             Requested size: 455.25633pt x 455.24825pt.

Overfull \hbox (28.46498pt too wide) in paragraph at lines 11--12
 [][] 
 []


LaTeX Warning: Command \textordmasculine invalid in math mode on input line 16.



LaTeX Warning: Command \textordmasculine invalid in math mode on input line 20.



LaTeX Warning: Command \textordmasculine invalid in math mode on input line 21.



LaTeX Warning: Command \textordmasculine invalid in math mode on input line 21.


<figures/func_triaxial.png, id=877, 774.64406pt x 615.0478pt>
File: figures/func_triaxial.png Graphic file (type png)

<use figures/func_triaxial.png>
Package pdftex.def Info: figures/func_triaxial.png used on input line 28.
(pdftex.def)             Requested size: 455.2512pt x 455.25026pt.

Overfull \hbox (28.45985pt too wide) in paragraph at lines 28--29
 [][] 
 []

Package babel Info: Redefining portuges shorthand "|
(babel)             in language  on input line 32.
Package babel Info: Redefining portuges shorthand "|
(babel)             in language  on input line 32.
[20



]
Package babel Info: Redefining portuges shorthand "|
(babel)             in language  on input line 37.
Package babel Info: Redefining portuges shorthand "|
(babel)             in language  on input line 37.
 [21 <./figures/Cookbook_Triaxial.png>]
Package babel Info: Redefining portuges shorthand "|
(babel)             in language  on input line 46.
Package babel Info: Redefining portuges shorthand "|
(babel)             in language  on input line 46.
 [22 <./figures/func_triaxial.png>]
<figures/test_n_soma.pdf, id=903, 1073.19745pt x 713.1675pt>
File: figures/test_n_soma.pdf Graphic file (type pdf)

<use figures/test_n_soma.pdf>
Package pdftex.def Info: figures/test_n_soma.pdf used on input line 50.
(pdftex.def)             Requested size: 426.78227pt x 284.52196pt.
)
Package babel Info: Redefining portuges shorthand "|
(babel)             in language  on input line 55.
Package babel Info: Redefining portuges shorthand "|
(babel)             in language  on input line 55.
 [23 <./figures/test_n_soma.pdf>]
\openout2 = `chap04.aux'.

 (chap04.tex
Cap\'{\i }tulo 4.
Package babel Info: Redefining portuges shorthand "|
(babel)             in language  on input line 1.
Package babel Info: Redefining portuges shorthand "|
(babel)             in language  on input line 5.
<figures/ellipsoid_triaxial.pdf, id=954, 1136.27882pt x 1002.62115pt>
File: figures/ellipsoid_triaxial.pdf Graphic file (type pdf)

<use figures/ellipsoid_triaxial.pdf>
Package pdftex.def Info: figures/ellipsoid_triaxial.pdf used on input line 44.
(pdftex.def)             Requested size: 455.24902pt x 455.24483pt.

Overfull \hbox (28.45767pt too wide) in paragraph at lines 44--46
 [][] 
 []

Package babel Info: Redefining portuges shorthand "|
(babel)             in language  on input line 51.
Package babel Info: Redefining portuges shorthand "|
(babel)             in language  on input line 51.
[24



]
Underfull \hbox (badness 10000) in paragraph at lines 54--56

 []


Underfull \hbox (badness 10000) in paragraph at lines 54--56

 []


Underfull \hbox (badness 10000) in paragraph at lines 54--56

 []


LaTeX Warning: `!h' float specifier changed to `!ht'.


LaTeX Warning: `!h' float specifier changed to `!ht'.


LaTeX Warning: `!h' float specifier changed to `!ht'.

<figures/ellipsoid_prolate.pdf, id=966, 1136.27882pt x 1002.62115pt>
File: figures/ellipsoid_prolate.pdf Graphic file (type pdf)

<use figures/ellipsoid_prolate.pdf>
Package pdftex.def Info: figures/ellipsoid_prolate.pdf used on input line 145.
(pdftex.def)             Requested size: 455.24902pt x 455.24483pt.

Overfull \hbox (28.45767pt too wide) in paragraph at lines 145--147
 [][] 
 []


LaTeX Warning: `!h' float specifier changed to `!ht'.

<figures/ellipsoid_oblate.pdf, id=969, 1138.67007pt x 998.12785pt>
File: figures/ellipsoid_oblate.pdf Graphic file (type pdf)

<use figures/ellipsoid_oblate.pdf>
Package pdftex.def Info: figures/ellipsoid_oblate.pdf used on input line 168.
(pdftex.def)             Requested size: 455.23409pt x 455.23022pt.

Overfull \hbox (28.44273pt too wide) in paragraph at lines 168--170
 [][] 
 []


LaTeX Warning: Reference `tab:oblato' on page 25 undefined on input line 170.


LaTeX Warning: Reference `tab:oblato' on page 25 undefined on input line 170.

Package babel Info: Redefining portuges shorthand "|
(babel)             in language  on input line 175.
Package babel Info: Redefining portuges shorthand "|
(babel)             in language  on input line 175.
[25 <./figures/ellipsoid_triaxial.pdf>]

LaTeX Warning: Text page 26 contains only floats.

Package babel Info: Redefining portuges shorthand "|
(babel)             in language  on input line 175.
Package babel Info: Redefining portuges shorthand "|
(babel)             in language  on input line 175.
[26]

LaTeX Warning: Text page 27 contains only floats.

Package babel Info: Redefining portuges shorthand "|
(babel)             in language  on input line 175.
Package babel Info: Redefining portuges shorthand "|
(babel)             in language  on input line 175.
[27 <./figures/ellipsoid_prolate.pdf>]

LaTeX Warning: `!h' float specifier changed to `!ht'.


LaTeX Warning: `!h' float specifier changed to `!ht'.


LaTeX Warning: `!h' float specifier changed to `!ht'.

<figures/ellipsoid_triaxial_multi.pdf, id=1080, 1136.75864pt x 1000.0616pt>
File: figures/ellipsoid_triaxial_multi.pdf Graphic file (type pdf)

<use figures/ellipsoid_triaxial_multi.pdf>
Package pdftex.def Info: figures/ellipsoid_triaxial_multi.pdf used on input lin
e 262.
(pdftex.def)             Requested size: 455.23311pt x 455.24237pt.

Overfull \hbox (28.44176pt too wide) in paragraph at lines 262--264
 [][] 
 []


LaTeX Warning: `!h' float specifier changed to `!ht'.

Package babel Info: Redefining portuges shorthand "|
(babel)             in language  on input line 284.
Package babel Info: Redefining portuges shorthand "|
(babel)             in language  on input line 287.
Package babel Info: Redefining portuges shorthand "|
(babel)             in language  on input line 287.
[28 <./figures/ellipsoid_oblate.pdf>]

LaTeX Warning: Text page 29 contains only floats.

Package babel Info: Redefining portuges shorthand "|
(babel)             in language  on input line 287.
Package babel Info: Redefining portuges shorthand "|
(babel)             in language  on input line 287.
[29]

LaTeX Warning: Text page 30 contains only floats.

Package babel Info: Redefining portuges shorthand "|
(babel)             in language  on input line 287.
Package babel Info: Redefining portuges shorthand "|
(babel)             in language  on input line 287.
[30 <./figures/ellipsoid_triaxial_multi.pdf>]
<figures/test_n_triaxial.pdf, id=1194, 1073.18176pt x 713.00282pt>
File: figures/test_n_triaxial.pdf Graphic file (type pdf)

<use figures/test_n_triaxial.pdf>
Package pdftex.def Info: figures/test_n_triaxial.pdf used on input line 292.
(pdftex.def)             Requested size: 426.79242pt x 284.52155pt.
Package babel Info: Redefining portuges shorthand "|
(babel)             in language  on input line 301.
Package babel Info: Redefining portuges shorthand "|
(babel)             in language  on input line 301.
 [31 <./figures/test_n_triaxial.pdf>]
<figures/test_n_prolate.pdf, id=1238, 1073.21312pt x 715.175pt>
File: figures/test_n_prolate.pdf Graphic file (type pdf)

<use figures/test_n_prolate.pdf>
Package pdftex.def Info: figures/test_n_prolate.pdf used on input line 304.
(pdftex.def)             Requested size: 426.7885pt x 284.52625pt.
Package babel Info: Redefining portuges shorthand "|
(babel)             in language  on input line 313.
Package babel Info: Redefining portuges shorthand "|
(babel)             in language  on input line 313.
 [32 <./figures/test_n_prolate.pdf>]
<figures/test_n_oblate.pdf, id=1282, 1073.1896pt x 715.01031pt>
File: figures/test_n_oblate.pdf Graphic file (type pdf)

<use figures/test_n_oblate.pdf>
Package pdftex.def Info: figures/test_n_oblate.pdf used on input line 316.
(pdftex.def)             Requested size: 426.79553pt x 284.52618pt.
Package babel Info: Redefining portuges shorthand "|
(babel)             in language  on input line 327.
Package babel Info: Redefining portuges shorthand "|
(babel)             in language  on input line 330.
Package babel Info: Redefining portuges shorthand "|
(babel)             in language  on input line 330.
 [33 <./figures/test_n_oblate.pdf>]
<figures/ellipsoid_triaxial_sphere.pdf, id=1325, 701.12pt x 1003.64334pt>
File: figures/ellipsoid_triaxial_sphere.pdf Graphic file (type pdf)

<use figures/ellipsoid_triaxial_sphere.pdf>
Package pdftex.def Info: figures/ellipsoid_triaxial_sphere.pdf used on input li
ne 409.
(pdftex.def)             Requested size: 412.57669pt x 625.95853pt.
Package babel Info: Redefining portuges shorthand "|
(babel)             in language  on input line 416.
Package babel Info: Redefining portuges shorthand "|
(babel)             in language  on input line 416.
 [34]

LaTeX Warning: Text page 35 contains only floats.


Overfull \vbox (7.00876pt too high) has occurred while \output is active []

Package babel Info: Redefining portuges shorthand "|
(babel)             in language  on input line 416.
Package babel Info: Redefining portuges shorthand "|
(babel)             in language  on input line 416.

[35 <./figures/ellipsoid_triaxial_sphere.pdf>]
<figures/ellipsoid_triaxial_prolate.pdf, id=1382, 683.08386pt x 1003.47867pt>
File: figures/ellipsoid_triaxial_prolate.pdf Graphic file (type pdf)

<use figures/ellipsoid_triaxial_prolate.pdf>
Package pdftex.def Info: figures/ellipsoid_triaxial_prolate.pdf used on input l
ine 488.
(pdftex.def)             Requested size: 412.57388pt x 625.9783pt.
Package babel Info: Redefining portuges shorthand "|
(babel)             in language  on input line 495.
Package babel Info: Redefining portuges shorthand "|
(babel)             in language  on input line 495.
 [36]

LaTeX Warning: Text page 37 contains only floats.

Package babel Info: Redefining portuges shorthand "|
(babel)             in language  on input line 495.
Package babel Info: Redefining portuges shorthand "|
(babel)             in language  on input line 495.
[37 <./figures/ellipsoid_triaxial_prolate.pdf>]
<figures/ellipsoid_triaxial_oblate.pdf, id=1440, 695.8503pt x 1003.47867pt>
File: figures/ellipsoid_triaxial_oblate.pdf Graphic file (type pdf)

<use figures/ellipsoid_triaxial_oblate.pdf>
Package pdftex.def Info: figures/ellipsoid_triaxial_oblate.pdf used on input li
ne 567.
(pdftex.def)             Requested size: 412.56549pt x 625.9783pt.
Package babel Info: Redefining portuges shorthand "|
(babel)             in language  on input line 573.
Package babel Info: Redefining portuges shorthand "|
(babel)             in language  on input line 576.
Package babel Info: Redefining portuges shorthand "|
(babel)             in language  on input line 576.
 [38]

LaTeX Warning: Text page 39 contains only floats.


Overfull \vbox (7.02853pt too high) has occurred while \output is active []

Package babel Info: Redefining portuges shorthand "|
(babel)             in language  on input line 576.
Package babel Info: Redefining portuges shorthand "|
(babel)             in language  on input line 576.

[39 <./figures/ellipsoid_triaxial_oblate.pdf>]
<figures/test_k_triaxial.pdf, id=1496, 1075.72409pt x 715.175pt>
File: figures/test_k_triaxial.pdf Graphic file (type pdf)

<use figures/test_k_triaxial.pdf>
Package pdftex.def Info: figures/test_k_triaxial.pdf used on input line 578.
(pdftex.def)             Requested size: 426.78578pt x 284.52625pt.
Package babel Info: Redefining portuges shorthand "|
(babel)             in language  on input line 586.


LaTeX Warning: Command \textordmasculine invalid in math mode on input line 588
.

Package babel Info: Redefining portuges shorthand "|
(babel)             in language  on input line 589.
Package babel Info: Redefining portuges shorthand "|
(babel)             in language  on input line 589.
[40 <./figures/test_k_triaxial.pdf>]
<figures/ellipsoid_shape_iso.pdf, id=1527, 1115.73184pt x 1148.51276pt>
File: figures/ellipsoid_shape_iso.pdf Graphic file (type pdf)

<use figures/ellipsoid_shape_iso.pdf>
Package pdftex.def Info: figures/ellipsoid_shape_iso.pdf used on input line 651
.
(pdftex.def)             Requested size: 455.2398pt x 455.24358pt.

Overfull \hbox (28.44846pt too wide) in paragraph at lines 651--652
 [][] 
 []


LaTeX Warning: `!h' float specifier changed to `!ht'.


LaTeX Warning: Command \textordmasculine invalid in math mode on input line 670
.

Package babel Info: Redefining portuges shorthand "|
(babel)             in language  on input line 671.
Package babel Info: Redefining portuges shorthand "|
(babel)             in language  on input line 671.
[41]

LaTeX Warning: Text page 42 contains only floats.

Package babel Info: Redefining portuges shorthand "|
(babel)             in language  on input line 671.
Package babel Info: Redefining portuges shorthand "|
(babel)             in language  on input line 671.
[42 <./figures/ellipsoid_shape_iso.pdf>]
<figures/ellipsoid_shape_iso2.pdf, id=1623, 1121.79514pt x 1148.51276pt>
File: figures/ellipsoid_shape_iso2.pdf Graphic file (type pdf)

<use figures/ellipsoid_shape_iso2.pdf>
Package pdftex.def Info: figures/ellipsoid_shape_iso2.pdf used on input line 70
9.
(pdftex.def)             Requested size: 455.23175pt x 455.24358pt.

Overfull \hbox (28.4404pt too wide) in paragraph at lines 709--710
 [][] 
 []

)
Package babel Info: Redefining portuges shorthand "|
(babel)             in language  on input line 56.
Package babel Info: Redefining portuges shorthand "|
(babel)             in language  on input line 56.
 [43]
Package babel Info: Redefining portuges shorthand "|
(babel)             in language  on input line 56.
Package babel Info: Redefining portuges shorthand "|
(babel)             in language  on input line 56.
 [44 <./figures/ellipsoid_shape_iso2.pdf>]
\openout2 = `chap05.aux'.

 (chap05.tex
Cap\'{\i }tulo 5.
Package babel Info: Redefining portuges shorthand "|
(babel)             in language  on input line 1.
Package babel Info: Redefining portuges shorthand "|
(babel)             in language  on input line 15.
Package babel Info: Redefining portuges shorthand "|
(babel)             in language  on input line 15.
[45



])
Package babel Info: Redefining portuges shorthand "|
(babel)             in language  on input line 57.
Package babel Info: Redefining portuges shorthand "|
(babel)             in language  on input line 57.
 [46] (thesis.bbl
Package babel Info: Redefining portuges shorthand "|
(babel)             in language  on input line 1.

Underfull \hbox (badness 1810) in paragraph at lines 18--25
[]\OT1/cmr/m/n/12 AUSTIN, J., GEUNA, S., CLARK, D., et al., 2014, ``Re-ma-nence
, self-
 []

LaTeX Font Info:    Try loading font information for OML+cmr on input line 65.
("C:\Program Files\MiKTeX 2.9\tex\latex\base\omlcmr.fd"
File: omlcmr.fd 2014/09/29 v2.5h Standard LaTeX font definitions
)
LaTeX Font Info:    Font shape `OML/cmr/m/n' in size <12> not available
(Font)              Font shape `OML/cmm/m/it' tried instead on input line 65.
Package babel Info: Redefining portuges shorthand "|
(babel)             in language  on input line 72.
Package babel Info: Redefining portuges shorthand "|
(babel)             in language  on input line 72.
 [47



]
Package babel Info: Redefining portuges shorthand "|
(babel)             in language  on input line 145.
Package babel Info: Redefining portuges shorthand "|
(babel)             in language  on input line 145.
 [48]
Package babel Info: Redefining portuges shorthand "|
(babel)             in language  on input line 219.
Package babel Info: Redefining portuges shorthand "|
(babel)             in language  on input line 219.
 [49]
Package babel Info: Redefining portuges shorthand "|
(babel)             in language  on input line 297.
Package babel Info: Redefining portuges shorthand "|
(babel)             in language  on input line 297.

[50])
Package babel Info: Redefining portuges shorthand "|
(babel)             in language  on input line 65.
Package babel Info: Redefining portuges shorthand "|
(babel)             in language  on input line 65.
 [51]
\openout2 = `appenA.aux'.

 (appenA.tex
Ap\^endice A.
Package babel Info: Redefining portuges shorthand "|
(babel)             in language  on input line 1.

Package hyperref Warning: Token not allowed in a PDF string (PDFDocEncoding):
(hyperref)                removing `math shift' on input line 1.


Package hyperref Warning: Token not allowed in a PDF string (PDFDocEncoding):
(hyperref)                removing `math shift' on input line 1.


Package hyperref Warning: Token not allowed in a PDF string (PDFDocEncoding):
(hyperref)                removing `math shift' on input line 1.


Package hyperref Warning: Token not allowed in a PDF string (PDFDocEncoding):
(hyperref)                removing `math shift' on input line 1.


LaTeX Warning: Reference `eq:V_oblate' on page 52 undefined on input line 16.

Package babel Info: Redefining portuges shorthand "|
(babel)             in language  on input line 89.
Package babel Info: Redefining portuges shorthand "|
(babel)             in language  on input line 89.
[52


]

LaTeX Warning: Reference `eq:V_oblate' on page 53 undefined on input line 106.

)
Package babel Info: Redefining portuges shorthand "|
(babel)             in language  on input line 65.
Package babel Info: Redefining portuges shorthand "|
(babel)             in language  on input line 65.
 [53]
\openout2 = `appenB.aux'.

 (appenB.tex
Ap\^endice B.
Package babel Info: Redefining portuges shorthand "|
(babel)             in language  on input line 1.

Package hyperref Warning: Token not allowed in a PDF string (PDFDocEncoding):
(hyperref)                removing `math shift' on input line 1.


Package hyperref Warning: Token not allowed in a PDF string (PDFDocEncoding):
(hyperref)                removing `\lambda' on input line 1.


Package hyperref Warning: Token not allowed in a PDF string (PDFDocEncoding):
(hyperref)                removing `math shift' on input line 1.

Package babel Info: Redefining portuges shorthand "|
(babel)             in language  on input line 6.

Package hyperref Warning: Token not allowed in a PDF string (PDFDocEncoding):
(hyperref)                removing `math shift' on input line 6.


Package hyperref Warning: Token not allowed in a PDF string (PDFDocEncoding):
(hyperref)                removing `\lambda' on input line 6.


Package hyperref Warning: Token not allowed in a PDF string (PDFDocEncoding):
(hyperref)                removing `math shift' on input line 6.

Package babel Info: Redefining portuges shorthand "|
(babel)             in language  on input line 39.
Package babel Info: Redefining portuges shorthand "|
(babel)             in language  on input line 39.
[54



]
Package babel Info: Redefining portuges shorthand "|
(babel)             in language  on input line 113.
Package babel Info: Redefining portuges shorthand "|
(babel)             in language  on input line 113.
 [55]
Package babel Info: Redefining portuges shorthand "|
(babel)             in language  on input line 115.


Package hyperref Warning: Token not allowed in a PDF string (PDFDocEncoding):
(hyperref)                removing `math shift' on input line 115.


Package hyperref Warning: Token not allowed in a PDF string (PDFDocEncoding):
(hyperref)                removing `\lambda' on input line 115.


Package hyperref Warning: Token not allowed in a PDF string (PDFDocEncoding):
(hyperref)                removing `math shift' on input line 115.

Package babel Info: Redefining portuges shorthand "|
(babel)             in language  on input line 167.
Package babel Info: Redefining portuges shorthand "|
(babel)             in language  on input line 167.
[56]
Package babel Info: Redefining portuges shorthand "|
(babel)             in language  on input line 191.


Package hyperref Warning: Token not allowed in a PDF string (PDFDocEncoding):
(hyperref)                removing `math shift' on input line 191.


Package hyperref Warning: Token not allowed in a PDF string (PDFDocEncoding):
(hyperref)                removing `\lambda' on input line 191.


Package hyperref Warning: Token not allowed in a PDF string (PDFDocEncoding):
(hyperref)                removing `math shift' on input line 191.

)
Package babel Info: Redefining portuges shorthand "|
(babel)             in language  on input line 66.
Package babel Info: Redefining portuges shorthand "|
(babel)             in language  on input line 66.
 [57]

Package natbib Warning: There were undefined citations.


AED: lastpage setting LastPage
Package babel Info: Redefining portuges shorthand "|
(babel)             in language  on input line 67.
Package atveryend Info: Empty hook `BeforeClearDocument' on input line 67.
Package atveryend Info: Empty hook `AfterLastShipout' on input line 67.
(thesis.aux (dedic.aux) (thanks.aux) (resumo.aux) (abstract.aux) (chap01.aux)
(chap02.aux) (chap03.aux) (chap04.aux) (chap05.aux) (appenA.aux) (appenB.aux))
Package atveryend Info: Executing hook `AtVeryEndDocument' on input line 67.
Package atveryend Info: Executing hook `AtEndAfterFileList' on input line 67.
Package rerunfilecheck Info: File `thesis.out' has not changed.
(rerunfilecheck)             Checksum: 9F621FE64D9111A3B3F4C36D3BCD20BD;2056.


LaTeX Warning: There were undefined references.

Package atveryend Info: Empty hook `AtVeryVeryEnd' on input line 67.
 ) 
Here is how much of TeX's memory you used:
 8907 strings out of 493622
 126028 string characters out of 3143632
 252876 words of memory out of 3000000
 11757 multiletter control sequences out of 15000+200000
 18812 words of font info for 72 fonts, out of 3000000 for 9000
 1025 hyphenation exceptions out of 8191
 35i,21n,34p,1185b,552s stack positions out of 5000i,500n,10000p,200000b,50000s
<C:/Program Files/MiKTeX 2.9/fonts/type1/public/amsfonts/cm/cmbx12.pfb><C:/Pr
ogram Files/MiKTeX 2.9/fonts/type1/public/amsfonts/cm/cmbx8.pfb><C:/Program Fil
es/MiKTeX 2.9/fonts/type1/public/amsfonts/cm/cmex10.pfb><C:/Program Files/MiKTe
X 2.9/fonts/type1/public/amsfonts/cm/cmmi12.pfb><C:/Program Files/MiKTeX 2.9/fo
nts/type1/public/amsfonts/cm/cmmi6.pfb><C:/Program Files/MiKTeX 2.9/fonts/type1
/public/amsfonts/cm/cmmi8.pfb><C:/Program Files/MiKTeX 2.9/fonts/type1/public/a
msfonts/cm/cmr12.pfb><C:/Program Files/MiKTeX 2.9/fonts/type1/public/amsfonts/c
m/cmr17.pfb><C:/Program Files/MiKTeX 2.9/fonts/type1/public/amsfonts/cm/cmr6.pf
b><C:/Program Files/MiKTeX 2.9/fonts/type1/public/amsfonts/cm/cmr8.pfb><C:/Prog
ram Files/MiKTeX 2.9/fonts/type1/public/amsfonts/cm/cmsy10.pfb><C:/Program File
s/MiKTeX 2.9/fonts/type1/public/amsfonts/cm/cmsy6.pfb><C:/Program Files/MiKTeX 
2.9/fonts/type1/public/amsfonts/cm/cmsy8.pfb><C:/Program Files/MiKTeX 2.9/fonts
/type1/public/amsfonts/cm/cmti12.pfb><C:/Program Files/MiKTeX 2.9/fonts/type1/p
ublic/amsfonts/cm/cmtt12.pfb>
Output written on thesis.pdf (70 pages, 2706789 bytes).
PDF statistics:
 1974 PDF objects out of 2073 (max. 8388607)
 288 named destinations out of 1000 (max. 500000)
 304 words of extra memory for PDF output out of 10000 (max. 10000000)

